Initial Win CP for (console input, console output, system): (CP850, CP850, CP1252)
I changed them all to CP1252
Rc files read (in order):
  NONE
Latexmk: This is Latexmk, John Collins, 9 March 2026. Version 4.88.
Latexmk: applying rule 'pdflatex'...
Rule 'pdflatex':  Reasons for rerun
Changed files or newly in use/created:
  ../chapter_2_proposal.tex
Category 'changed_user':
  ../chapter_2_proposal.tex

------------
Run number 1 of rule 'pdflatex'
------------
------------
Running 'pdflatex  -interaction=nonstopmode -recorder  "thesis.tex"'
------------
This is pdfTeX, Version 3.141592653-2.6-1.40.29 (TeX Live 2026) (preloaded format=pdflatex)
 restricted \write18 enabled.
entering extended mode
(./thesis.tex
LaTeX2e <2026-06-01>
L3 programming layer <2026-05-26>
(c:/texlive/2026/texmf-dist/tex/latex/koma-script/scrbook.cls
Document Class: scrbook 2026/02/02 v3.49.2 KOMA-Script document class (book)
(c:/texlive/2026/texmf-dist/tex/latex/koma-script/scrkbase.sty
(c:/texlive/2026/texmf-dist/tex/latex/koma-script/scrbase.sty
(c:/texlive/2026/texmf-dist/tex/latex/koma-script/scrlfile.sty
(c:/texlive/2026/texmf-dist/tex/latex/koma-script/scrlfile-hook.sty
(c:/texlive/2026/texmf-dist/tex/latex/koma-script/scrlogo.sty)))
(c:/texlive/2026/texmf-dist/tex/latex/graphics/keyval.sty)))
(c:/texlive/2026/texmf-dist/tex/latex/koma-script/tocbasic.sty)
(c:/texlive/2026/texmf-dist/tex/latex/koma-script/scrsize11pt.clo)
(c:/texlive/2026/texmf-dist/tex/latex/koma-script/typearea.sty))
(c:/texlive/2026/texmf-dist/tex/latex/base/inputenc.sty)
(c:/texlive/2026/texmf-dist/tex/latex/base/fontenc.sty)
(c:/texlive/2026/texmf-dist/tex/latex/graphics/graphicx.sty
(c:/texlive/2026/texmf-dist/tex/latex/graphics/graphics.sty
(c:/texlive/2026/texmf-dist/tex/latex/graphics/trig.sty)
(c:/texlive/2026/texmf-dist/tex/latex/graphics-cfg/graphics.cfg)
(c:/texlive/2026/texmf-dist/tex/latex/graphics-def/pdftex.def)))
(c:/texlive/2026/texmf-dist/tex/latex/amsmath/amsmath.sty
For additional information on amsmath, use the `?' option.
(c:/texlive/2026/texmf-dist/tex/latex/amsmath/amstext.sty
(c:/texlive/2026/texmf-dist/tex/latex/amsmath/amsgen.sty))
(c:/texlive/2026/texmf-dist/tex/latex/amsmath/amsbsy.sty)
(c:/texlive/2026/texmf-dist/tex/latex/amsmath/amsopn.sty))
(c:/texlive/2026/texmf-dist/tex/latex/amsfonts/amssymb.sty
(c:/texlive/2026/texmf-dist/tex/latex/amsfonts/amsfonts.sty))
(c:/texlive/2026/texmf-dist/tex/latex/booktabs/booktabs.sty)
(c:/texlive/2026/texmf-dist/tex/latex/url/url.sty)
(c:/texlive/2026/texmf-dist/tex/latex/relsize/relsize.sty)
(c:/texlive/2026/texmf-dist/tex/latex/hyperref/hyperref.sty
(c:/texlive/2026/texmf-dist/tex/generic/iftex/iftex.sty)
(c:/texlive/2026/texmf-dist/tex/latex/kvsetkeys/kvsetkeys.sty)
(c:/texlive/2026/texmf-dist/tex/generic/kvdefinekeys/kvdefinekeys.sty)
(c:/texlive/2026/texmf-dist/tex/generic/pdfescape/pdfescape.sty
(c:/texlive/2026/texmf-dist/tex/generic/ltxcmds/ltxcmds.sty)
(c:/texlive/2026/texmf-dist/tex/generic/pdftexcmds/pdftexcmds.sty
(c:/texlive/2026/texmf-dist/tex/generic/infwarerr/infwarerr.sty)))
(c:/texlive/2026/texmf-dist/tex/latex/hycolor/hycolor.sty)
(c:/texlive/2026/texmf-dist/tex/latex/hyperref/nameref.sty
(c:/texlive/2026/texmf-dist/tex/latex/refcount/refcount.sty)
(c:/texlive/2026/texmf-dist/tex/generic/gettitlestring/gettitlestring.sty
(c:/texlive/2026/texmf-dist/tex/latex/kvoptions/kvoptions.sty)))
(c:/texlive/2026/texmf-dist/tex/latex/etoolbox/etoolbox.sty)
(c:/texlive/2026/texmf-dist/tex/generic/stringenc/stringenc.sty)
(c:/texlive/2026/texmf-dist/tex/latex/hyperref/pd1enc.def)
(c:/texlive/2026/texmf-dist/tex/generic/intcalc/intcalc.sty)
(c:/texlive/2026/texmf-dist/tex/latex/hyperref/puenc.def)
(c:/texlive/2026/texmf-dist/tex/generic/bitset/bitset.sty
(c:/texlive/2026/texmf-dist/tex/generic/bigintcalc/bigintcalc.sty)))
(c:/texlive/2026/texmf-dist/tex/latex/hyperref/hpdftex.def
(c:/texlive/2026/texmf-dist/tex/latex/rerunfilecheck/rerunfilecheck.sty
(c:/texlive/2026/texmf-dist/tex/generic/uniquecounter/uniquecounter.sty)))
(c:/texlive/2026/texmf-dist/tex/latex/libertine/libertine.sty
(c:/texlive/2026/texmf-dist/tex/generic/iftex/ifxetex.sty)
(c:/texlive/2026/texmf-dist/tex/generic/iftex/ifluatex.sty)
(c:/texlive/2026/texmf-dist/tex/latex/xkeyval/xkeyval.sty
(c:/texlive/2026/texmf-dist/tex/generic/xkeyval/xkeyval.tex
(c:/texlive/2026/texmf-dist/tex/generic/xkeyval/xkvutils.tex)))
(c:/texlive/2026/texmf-dist/tex/latex/base/textcomp.sty)
(c:/texlive/2026/texmf-dist/tex/latex/base/fontenc.sty)
(c:/texlive/2026/texmf-dist/tex/latex/fontaxes/fontaxes.sty
(c:/texlive/2026/texmf-dist/tex/latex/figureversions/figureversions.sty))
(c:/texlive/2026/texmf-dist/tex/latex/libertine/LinLibertine_I.tex))
(c:/texlive/2026/texmf-dist/tex/latex/bera/beramono.sty)
(c:/texlive/2026/texmf-dist/tex/latex/base/ifthen.sty)

Class scrbook Warning: Usage of package `fancyhdr' together
(scrbook)              with a KOMA-Script class is not recommended.
(scrbook)              I'd suggest to use 
(scrbook)              package `scrlayer' or `scrlayer-scrpage', because
(scrbook)              they support KOMA-Script classes.
(scrbook)              With `fancyhdr' several features of class `scrbook'
(scrbook)              like options `headsepline', `footsepline' or command
(scrbook)              `\MakeMarkcase' and the commands `\setkomafont' and
(scrbook)              `\addtokomafont' for the page style elements need
(scrbook)              explicite user intervention to work.
(scrbook)              Nevertheless, using requested
(scrbook)              package `fancyhdr' on input line 16.

(c:/texlive/2026/texmf-dist/tex/latex/fancyhdr/fancyhdr.sty)
(c:/texlive/2026/texmf-dist/tex/latex/microtype/microtype.sty
(c:/texlive/2026/texmf-dist/tex/latex/microtype/microtype-pdftex.def)
(c:/texlive/2026/texmf-dist/tex/latex/microtype/microtype.cfg))
(c:/texlive/2026/texmf-dist/tex/latex/xcolor/xcolor.sty
(c:/texlive/2026/texmf-dist/tex/latex/graphics-cfg/color.cfg)
(c:/texlive/2026/texmf-dist/tex/latex/graphics/mathcolor.ltx))
(c:/texlive/2026/texmf-dist/tex/latex/float/float.sty)
(c:/texlive/2026/texmf-dist/tex/latex/listings/listings.sty
(c:/texlive/2026/texmf-dist/tex/latex/listings/lstpatch.sty)
(c:/texlive/2026/texmf-dist/tex/latex/listings/lstmisc.sty)
(c:/texlive/2026/texmf-dist/tex/latex/listings/listings.cfg))
(c:/texlive/2026/texmf-dist/tex/latex/hyphenat/hyphenat.sty

Package hyphenat Warning: *******************************
(hyphenat)                * You have used the htt option.
(hyphenat)                * You are likely to get many Font Warning messages.
(hyphenat)                * These can usually be ignored.
(hyphenat)                *******************************.

) (c:/texlive/2026/texmf-dist/tex/latex/bookmark/bookmark.sty
(c:/texlive/2026/texmf-dist/tex/latex/l3backend/l3backend-pdftex.def)
(c:/texlive/2026/texmf-dist/tex/latex/bookmark/bkm-pdftex.def))
(c:/texlive/2026/texmf-dist/tex/latex/libertine/T1LinuxLibertineT-TLF.fd)
(./thesis.aux) (c:/texlive/2026/texmf-dist/tex/context/base/mkii/supp-pdf.mkii
[Loading MPS to PDF converter (version 2006.09.02).]
) (c:/texlive/2026/texmf-dist/tex/latex/epstopdf-pkg/epstopdf-base.sty
(c:/texlive/2026/texmf-dist/tex/latex/grfext/grfext.sty)
(c:/texlive/2026/texmf-dist/tex/latex/latexconfig/epstopdf-sys.cfg))
(c:/texlive/2026/texmf-dist/tex/latex/bera/t1fvm.fd)

LaTeX Font Warning: Font shape `T1/fvm/m/scsl' undefined
(Font)              using `T1/fvm/m/sc' instead on input line 75.


LaTeX Font Warning: Font shape `T1/fvm/m/sc' undefined
(Font)              using `T1/fvm/m/n' instead on input line 75.


LaTeX Font Warning: Font shape `T1/fvm/b/scsl' undefined
(Font)              using `T1/fvm/b/sc' instead on input line 75.


LaTeX Font Warning: Font shape `T1/fvm/b/sc' undefined
(Font)              using `T1/fvm/b/n' instead on input line 75.


LaTeX Font Warning: Font shape `T1/fvm/bx/scsl' undefined
(Font)              using `T1/fvm/bx/sc' instead on input line 75.


LaTeX Font Warning: Font shape `T1/fvm/bx/sc' undefined
(Font)              using `T1/fvm/bx/n' instead on input line 75.


LaTeX Font Warning: Font shape `T1/fvm/sbx/sc' undefined
(Font)              using `T1/fvm/bx/sc' instead on input line 75.


LaTeX Font Warning: Font shape `T1/fvm/sbx/n' undefined
(Font)              using `T1/fvm/bx/n' instead on input line 75.


LaTeX Font Warning: Font shape `T1/fvm/sbx/it' undefined
(Font)              using `T1/fvm/bx/it' instead on input line 75.


LaTeX Font Warning: Font shape `T1/fvm/sbx/sl' undefined
(Font)              using `T1/fvm/bx/sl' instead on input line 75.


LaTeX Font Warning: Font shape `T1/fvm/bx/scsl' undefined
(Font)              using `T1/fvm/bx/sc' instead on input line 75.


LaTeX Font Warning: Font shape `T1/fvm/bc/sc' undefined
(Font)              using `T1/fvm/c/sc' instead on input line 75.


LaTeX Font Warning: Font shape `T1/fvm/c/n' undefined
(Font)              using `T1/fvm/m/n' instead on input line 75.


LaTeX Font Warning: Font shape `T1/fvm/c/it' undefined
(Font)              using `T1/fvm/c/n' instead on input line 75.


LaTeX Font Warning: Font shape `T1/fvm/c/sl' undefined
(Font)              using `T1/fvm/c/it' instead on input line 75.


LaTeX Font Warning: Font shape `T1/fvm/c/scit' undefined
(Font)              using `T1/fvm/c/sc' instead on input line 75.


LaTeX Font Warning: Font shape `T1/fvm/c/sc' undefined
(Font)              using `T1/fvm/c/n' instead on input line 75.


LaTeX Font Warning: Font shape `T1/fvm/lc/sc' undefined
(Font)              using `T1/fvm/c/sc' instead on input line 75.


LaTeX Font Warning: Font shape `T1/fvm/lc/n' undefined
(Font)              using `T1/fvm/c/n' instead on input line 75.


LaTeX Font Warning: Font shape `T1/fvm/lc/it' undefined
(Font)              using `T1/fvm/c/it' instead on input line 75.


LaTeX Font Warning: Font shape `T1/fvm/c/sl' undefined
(Font)              using `T1/fvm/c/it' instead on input line 75.


LaTeX Font Warning: Font shape `T1/fvm/lc/it' undefined
(Font)              using `T1/fvm/c/it' instead on input line 75.


LaTeX Font Warning: Font shape `T1/fvm/c/scit' undefined
(Font)              using `T1/fvm/c/sc' instead on input line 75.


LaTeX Font Warning: Font shape `T1/fvm/m/ui' undefined
(Font)              using `T1/fvm/m/n' instead on input line 75.


LaTeX Font Warning: Font shape `T1/fvm/bx/ui' undefined
(Font)              using `T1/fvm/bx/n' instead on input line 75.


LaTeX Font Warning: Font shape `T1/fvm/m/In' undefined
(Font)              using `T1/fvm/m/n' instead on input line 75.

(./title.tex [1{c:/texlive/2026/texmf-var/fonts/map/pdftex/updmap/pdftex.map}{c
:/texlive/2026/texmf-dist/fonts/enc/dvips/libertine/lbtn_nh77jq.enc}{c:/texlive
/2026/texmf-dist/fonts/enc/dvips/libertine/lbtn_76gpa5.enc}{c:/texlive/2026/tex
mf-dist/fonts/enc/dvips/libertine/lbtn_ncsllp.enc}{c:/texlive/2026/texmf-dist/f
onts/enc/dvips/libertine/lbtn_7grukw.enc}])
(c:/texlive/2026/texmf-dist/tex/latex/libertine/T1LinuxBiolinumT-TLF.fd)
[2{c:/texlive/2026/texmf-dist/fonts/enc/dvips/libertine/lbtn_25tcsq.enc}{c:/tex
live/2026/texmf-dist/fonts/enc/dvips/base/8r.enc}] (./thesis.toc
(c:/texlive/2026/texmf-dist/tex/latex/microtype/mt-cmr.cfg)
(c:/texlive/2026/texmf-dist/tex/latex/amsfonts/umsa.fd)
(c:/texlive/2026/texmf-dist/tex/latex/microtype/mt-msa.cfg)
(c:/texlive/2026/texmf-dist/tex/latex/amsfonts/umsb.fd)
(c:/texlive/2026/texmf-dist/tex/latex/microtype/mt-msb.cfg) [3]) [4]
(./thesis.lof) [5] (./thesis.lot) [6] (../chapter_1_proposal.tex
chapter 1.
[1] [2]) (../chapter_2_proposal.tex [3]
chapter 2.
[4] [5] [6] [7]) (../chapter_3_methodology.tex [8]
chapter 3.
[9
pdfTeX warning (ext4): destination with the same identifier (name{table.3.1}) h
as been already used, duplicate ignored
<argument> ...shipout:D \box_use:N \l_shipout_box 
                                                  \__shipout_drop_firstpage_...
l.61 
     ] [10] [11] [12] [13]) (../chapter_4_results.tex [14]
chapter 4.
[15] [16
pdfTeX warning (ext4): destination with the same identifier (name{figure.4.1}) 
has been already used, duplicate ignored
<argument> ...shipout:D \box_use:N \l_shipout_box 
                                                  \__shipout_drop_firstpage_...
l.130 
      
pdfTeX warning (ext4): destination with the same identifier (name{table.4.1}) h
as been already used, duplicate ignored
<argument> ...shipout:D \box_use:N \l_shipout_box 
                                                  \__shipout_drop_firstpage_...
l.130 
       <../figures/runtime_vs_size_O2.pdf>] [17
pdfTeX warning (ext4): destination with the same identifier (name{figure.4.2}) 
has been already used, duplicate ignored
<argument> ...shipout:D \box_use:N \l_shipout_box 
                                                  \__shipout_drop_firstpage_...
l.159 
      
pdfTeX warning (ext4): destination with the same identifier (name{figure.4.3}) 
has been already used, duplicate ignored
<argument> ...shipout:D \box_use:N \l_shipout_box 
                                                  \__shipout_drop_firstpage_...
l.159 
       <../figures/cycles_per_byte_O2.pdf> <../figures/footprint_flash_Os.pdf>]
) (../chapter_5_discussion.tex [18
pdfTeX warning (ext4): destination with the same identifier (name{table.4.2}) h
as been already used, duplicate ignored
<argument> ...shipout:D \box_use:N \l_shipout_box 
                                                  \__shipout_drop_firstpage_...
l.1 \chapter
            {Discussion}]
chapter 5.
[19] [20]) (../chapter_6_conclusion.tex [21]
chapter 6.
) (./thesis.bbl [22]
Underfull \hbox (badness 1558) in paragraph at lines 36--39
\T1/LinuxLibertineT-TLF/m/n/10.95 (+20) nounce-ment, Febru-ary 2023, 2023, []$h
ttps : / / www . nist . gov / news-[]events / news / 2023 / 02 /

Underfull \hbox (badness 4660) in paragraph at lines 53--57
[]\T1/LinuxLibertineT-TLF/m/n/10.95 (+20) C. Do-brau-nig, M. Eichlseder, F. Men
del, and M. Schläf-fer, ``AS-CON ref-er-ence

Underfull \hbox (badness 10000) in paragraph at lines 53--57
\T1/LinuxLibertineT-TLF/m/n/10.95 (+20) soft-ware (ascon-c),'' GitHub, 2023, []
$https : / / github . com / ascon / ascon-[]c$[], com-mit
) [23] (./thesis.aux)

LaTeX Font Warning: Some font shapes were not available, defaults substituted.

 )
(see the transcript file for additional information)<c:/texlive/2026/texmf-dist
/fonts/type1/public/libertine/LinBiolinumTB.pfb><c:/texlive/2026/texmf-dist/fon
ts/type1/public/libertine/LinLibertineT.pfb><c:/texlive/2026/texmf-dist/fonts/t
ype1/public/libertine/LinLibertineTB.pfb><c:/texlive/2026/texmf-dist/fonts/type
1/public/libertine/LinLibertineTI.pfb><c:/texlive/2026/texmf-dist/fonts/type1/p
ublic/amsfonts/cm/cmmi10.pfb><c:/texlive/2026/texmf-dist/fonts/type1/public/ams
fonts/cm/cmmi8.pfb><c:/texlive/2026/texmf-dist/fonts/type1/public/amsfonts/cm/c
mr10.pfb><c:/texlive/2026/texmf-dist/fonts/type1/public/amsfonts/cm/cmr8.pfb><c
:/texlive/2026/texmf-dist/fonts/type1/public/amsfonts/cm/cmsy10.pfb><c:/texlive
/2026/texmf-dist/fonts/type1/public/bera/fvmr8a.pfb>
Output written on thesis.pdf (29 pages, 495078 bytes).
Transcript written on thesis.log.
Latexmk: Getting log file 'thesis.log'
Latexmk: Examining 'thesis.fls'
Latexmk: Examining 'thesis.log'
Latexmk: Found input bbl file 'thesis.bbl'
Latexmk: Log file says output to 'thesis.pdf'
Latexmk: Using bibtex to make bibliography file(s).
  ===Source file 'thesis.bbl' for 'pdflatex'
Latexmk: Found bibliography file(s):
  ./references.bib
Latexmk: applying rule 'bibtex thesis'...
Rule 'bibtex thesis':  Reasons for rerun
Changed files or newly in use/created:
  thesis.aux

------------
Run number 1 of rule 'bibtex thesis'
------------
------------
Running 'bibtex  "thesis.aux"'
------------
This is BibTeX, Version 0.99e (TeX Live 2026)
The top-level auxiliary file: thesis.aux
The style file: IEEEtran.bst
Database file #1: references.bib
-- IEEEtran.bst version 1.14 (2015/08/26) by Michael Shell.
-- http://www.michaelshell.org/tex/ieeetran/bibtex/
-- See the "IEEEtran_bst_HOWTO.pdf" manual for usage information.

Done.
Latexmk: applying rule 'pdflatex'...
Rule 'pdflatex':  Reasons for rerun
Changed files or newly in use/created:
  thesis.aux

------------
Run number 2 of rule 'pdflatex'
------------
------------
Running 'pdflatex  -interaction=nonstopmode -recorder  "thesis.tex"'
------------
This is pdfTeX, Version 3.141592653-2.6-1.40.29 (TeX Live 2026) (preloaded format=pdflatex)
 restricted \write18 enabled.
entering extended mode
(./thesis.tex
LaTeX2e <2026-06-01>
L3 programming layer <2026-05-26>
(c:/texlive/2026/texmf-dist/tex/latex/koma-script/scrbook.cls
Document Class: scrbook 2026/02/02 v3.49.2 KOMA-Script document class (book)
(c:/texlive/2026/texmf-dist/tex/latex/koma-script/scrkbase.sty
(c:/texlive/2026/texmf-dist/tex/latex/koma-script/scrbase.sty
(c:/texlive/2026/texmf-dist/tex/latex/koma-script/scrlfile.sty
(c:/texlive/2026/texmf-dist/tex/latex/koma-script/scrlfile-hook.sty
(c:/texlive/2026/texmf-dist/tex/latex/koma-script/scrlogo.sty)))
(c:/texlive/2026/texmf-dist/tex/latex/graphics/keyval.sty)))
(c:/texlive/2026/texmf-dist/tex/latex/koma-script/tocbasic.sty)
(c:/texlive/2026/texmf-dist/tex/latex/koma-script/scrsize11pt.clo)
(c:/texlive/2026/texmf-dist/tex/latex/koma-script/typearea.sty))
(c:/texlive/2026/texmf-dist/tex/latex/base/inputenc.sty)
(c:/texlive/2026/texmf-dist/tex/latex/base/fontenc.sty)
(c:/texlive/2026/texmf-dist/tex/latex/graphics/graphicx.sty
(c:/texlive/2026/texmf-dist/tex/latex/graphics/graphics.sty
(c:/texlive/2026/texmf-dist/tex/latex/graphics/trig.sty)
(c:/texlive/2026/texmf-dist/tex/latex/graphics-cfg/graphics.cfg)
(c:/texlive/2026/texmf-dist/tex/latex/graphics-def/pdftex.def)))
(c:/texlive/2026/texmf-dist/tex/latex/amsmath/amsmath.sty
For additional information on amsmath, use the `?' option.
(c:/texlive/2026/texmf-dist/tex/latex/amsmath/amstext.sty
(c:/texlive/2026/texmf-dist/tex/latex/amsmath/amsgen.sty))
(c:/texlive/2026/texmf-dist/tex/latex/amsmath/amsbsy.sty)
(c:/texlive/2026/texmf-dist/tex/latex/amsmath/amsopn.sty))
(c:/texlive/2026/texmf-dist/tex/latex/amsfonts/amssymb.sty
(c:/texlive/2026/texmf-dist/tex/latex/amsfonts/amsfonts.sty))
(c:/texlive/2026/texmf-dist/tex/latex/booktabs/booktabs.sty)
(c:/texlive/2026/texmf-dist/tex/latex/url/url.sty)
(c:/texlive/2026/texmf-dist/tex/latex/relsize/relsize.sty)
(c:/texlive/2026/texmf-dist/tex/latex/hyperref/hyperref.sty
(c:/texlive/2026/texmf-dist/tex/generic/iftex/iftex.sty)
(c:/texlive/2026/texmf-dist/tex/latex/kvsetkeys/kvsetkeys.sty)
(c:/texlive/2026/texmf-dist/tex/generic/kvdefinekeys/kvdefinekeys.sty)
(c:/texlive/2026/texmf-dist/tex/generic/pdfescape/pdfescape.sty
(c:/texlive/2026/texmf-dist/tex/generic/ltxcmds/ltxcmds.sty)
(c:/texlive/2026/texmf-dist/tex/generic/pdftexcmds/pdftexcmds.sty
(c:/texlive/2026/texmf-dist/tex/generic/infwarerr/infwarerr.sty)))
(c:/texlive/2026/texmf-dist/tex/latex/hycolor/hycolor.sty)
(c:/texlive/2026/texmf-dist/tex/latex/hyperref/nameref.sty
(c:/texlive/2026/texmf-dist/tex/latex/refcount/refcount.sty)
(c:/texlive/2026/texmf-dist/tex/generic/gettitlestring/gettitlestring.sty
(c:/texlive/2026/texmf-dist/tex/latex/kvoptions/kvoptions.sty)))
(c:/texlive/2026/texmf-dist/tex/latex/etoolbox/etoolbox.sty)
(c:/texlive/2026/texmf-dist/tex/generic/stringenc/stringenc.sty)
(c:/texlive/2026/texmf-dist/tex/latex/hyperref/pd1enc.def)
(c:/texlive/2026/texmf-dist/tex/generic/intcalc/intcalc.sty)
(c:/texlive/2026/texmf-dist/tex/latex/hyperref/puenc.def)
(c:/texlive/2026/texmf-dist/tex/generic/bitset/bitset.sty
(c:/texlive/2026/texmf-dist/tex/generic/bigintcalc/bigintcalc.sty)))
(c:/texlive/2026/texmf-dist/tex/latex/hyperref/hpdftex.def
(c:/texlive/2026/texmf-dist/tex/latex/rerunfilecheck/rerunfilecheck.sty
(c:/texlive/2026/texmf-dist/tex/generic/uniquecounter/uniquecounter.sty)))
(c:/texlive/2026/texmf-dist/tex/latex/libertine/libertine.sty
(c:/texlive/2026/texmf-dist/tex/generic/iftex/ifxetex.sty)
(c:/texlive/2026/texmf-dist/tex/generic/iftex/ifluatex.sty)
(c:/texlive/2026/texmf-dist/tex/latex/xkeyval/xkeyval.sty
(c:/texlive/2026/texmf-dist/tex/generic/xkeyval/xkeyval.tex
(c:/texlive/2026/texmf-dist/tex/generic/xkeyval/xkvutils.tex)))
(c:/texlive/2026/texmf-dist/tex/latex/base/textcomp.sty)
(c:/texlive/2026/texmf-dist/tex/latex/base/fontenc.sty)
(c:/texlive/2026/texmf-dist/tex/latex/fontaxes/fontaxes.sty
(c:/texlive/2026/texmf-dist/tex/latex/figureversions/figureversions.sty))
(c:/texlive/2026/texmf-dist/tex/latex/libertine/LinLibertine_I.tex))
(c:/texlive/2026/texmf-dist/tex/latex/bera/beramono.sty)
(c:/texlive/2026/texmf-dist/tex/latex/base/ifthen.sty)

Class scrbook Warning: Usage of package `fancyhdr' together
(scrbook)              with a KOMA-Script class is not recommended.
(scrbook)              I'd suggest to use 
(scrbook)              package `scrlayer' or `scrlayer-scrpage', because
(scrbook)              they support KOMA-Script classes.
(scrbook)              With `fancyhdr' several features of class `scrbook'
(scrbook)              like options `headsepline', `footsepline' or command
(scrbook)              `\MakeMarkcase' and the commands `\setkomafont' and
(scrbook)              `\addtokomafont' for the page style elements need
(scrbook)              explicite user intervention to work.
(scrbook)              Nevertheless, using requested
(scrbook)              package `fancyhdr' on input line 16.

(c:/texlive/2026/texmf-dist/tex/latex/fancyhdr/fancyhdr.sty)
(c:/texlive/2026/texmf-dist/tex/latex/microtype/microtype.sty
(c:/texlive/2026/texmf-dist/tex/latex/microtype/microtype-pdftex.def)
(c:/texlive/2026/texmf-dist/tex/latex/microtype/microtype.cfg))
(c:/texlive/2026/texmf-dist/tex/latex/xcolor/xcolor.sty
(c:/texlive/2026/texmf-dist/tex/latex/graphics-cfg/color.cfg)
(c:/texlive/2026/texmf-dist/tex/latex/graphics/mathcolor.ltx))
(c:/texlive/2026/texmf-dist/tex/latex/float/float.sty)
(c:/texlive/2026/texmf-dist/tex/latex/listings/listings.sty
(c:/texlive/2026/texmf-dist/tex/latex/listings/lstpatch.sty)
(c:/texlive/2026/texmf-dist/tex/latex/listings/lstmisc.sty)
(c:/texlive/2026/texmf-dist/tex/latex/listings/listings.cfg))
(c:/texlive/2026/texmf-dist/tex/latex/hyphenat/hyphenat.sty

Package hyphenat Warning: *******************************
(hyphenat)                * You have used the htt option.
(hyphenat)                * You are likely to get many Font Warning messages.
(hyphenat)                * These can usually be ignored.
(hyphenat)                *******************************.

) (c:/texlive/2026/texmf-dist/tex/latex/bookmark/bookmark.sty
(c:/texlive/2026/texmf-dist/tex/latex/l3backend/l3backend-pdftex.def)
(c:/texlive/2026/texmf-dist/tex/latex/bookmark/bkm-pdftex.def))
(c:/texlive/2026/texmf-dist/tex/latex/libertine/T1LinuxLibertineT-TLF.fd)
(./thesis.aux) (c:/texlive/2026/texmf-dist/tex/context/base/mkii/supp-pdf.mkii
[Loading MPS to PDF converter (version 2006.09.02).]
) (c:/texlive/2026/texmf-dist/tex/latex/epstopdf-pkg/epstopdf-base.sty
(c:/texlive/2026/texmf-dist/tex/latex/grfext/grfext.sty)
(c:/texlive/2026/texmf-dist/tex/latex/latexconfig/epstopdf-sys.cfg))
(c:/texlive/2026/texmf-dist/tex/latex/bera/t1fvm.fd)

LaTeX Font Warning: Font shape `T1/fvm/m/scsl' undefined
(Font)              using `T1/fvm/m/sc' instead on input line 75.


LaTeX Font Warning: Font shape `T1/fvm/m/sc' undefined
(Font)              using `T1/fvm/m/n' instead on input line 75.


LaTeX Font Warning: Font shape `T1/fvm/b/scsl' undefined
(Font)              using `T1/fvm/b/sc' instead on input line 75.


LaTeX Font Warning: Font shape `T1/fvm/b/sc' undefined
(Font)              using `T1/fvm/b/n' instead on input line 75.


LaTeX Font Warning: Font shape `T1/fvm/bx/scsl' undefined
(Font)              using `T1/fvm/bx/sc' instead on input line 75.


LaTeX Font Warning: Font shape `T1/fvm/bx/sc' undefined
(Font)              using `T1/fvm/bx/n' instead on input line 75.


LaTeX Font Warning: Font shape `T1/fvm/sbx/sc' undefined
(Font)              using `T1/fvm/bx/sc' instead on input line 75.


LaTeX Font Warning: Font shape `T1/fvm/sbx/n' undefined
(Font)              using `T1/fvm/bx/n' instead on input line 75.


LaTeX Font Warning: Font shape `T1/fvm/sbx/it' undefined
(Font)              using `T1/fvm/bx/it' instead on input line 75.


LaTeX Font Warning: Font shape `T1/fvm/sbx/sl' undefined
(Font)              using `T1/fvm/bx/sl' instead on input line 75.


LaTeX Font Warning: Font shape `T1/fvm/bx/scsl' undefined
(Font)              using `T1/fvm/bx/sc' instead on input line 75.


LaTeX Font Warning: Font shape `T1/fvm/bc/sc' undefined
(Font)              using `T1/fvm/c/sc' instead on input line 75.


LaTeX Font Warning: Font shape `T1/fvm/c/n' undefined
(Font)              using `T1/fvm/m/n' instead on input line 75.


LaTeX Font Warning: Font shape `T1/fvm/c/it' undefined
(Font)              using `T1/fvm/c/n' instead on input line 75.


LaTeX Font Warning: Font shape `T1/fvm/c/sl' undefined
(Font)              using `T1/fvm/c/it' instead on input line 75.


LaTeX Font Warning: Font shape `T1/fvm/c/scit' undefined
(Font)              using `T1/fvm/c/sc' instead on input line 75.


LaTeX Font Warning: Font shape `T1/fvm/c/sc' undefined
(Font)              using `T1/fvm/c/n' instead on input line 75.


LaTeX Font Warning: Font shape `T1/fvm/lc/sc' undefined
(Font)              using `T1/fvm/c/sc' instead on input line 75.


LaTeX Font Warning: Font shape `T1/fvm/lc/n' undefined
(Font)              using `T1/fvm/c/n' instead on input line 75.


LaTeX Font Warning: Font shape `T1/fvm/lc/it' undefined
(Font)              using `T1/fvm/c/it' instead on input line 75.


LaTeX Font Warning: Font shape `T1/fvm/c/sl' undefined
(Font)              using `T1/fvm/c/it' instead on input line 75.


LaTeX Font Warning: Font shape `T1/fvm/lc/it' undefined
(Font)              using `T1/fvm/c/it' instead on input line 75.


LaTeX Font Warning: Font shape `T1/fvm/c/scit' undefined
(Font)              using `T1/fvm/c/sc' instead on input line 75.


LaTeX Font Warning: Font shape `T1/fvm/m/ui' undefined
(Font)              using `T1/fvm/m/n' instead on input line 75.


LaTeX Font Warning: Font shape `T1/fvm/bx/ui' undefined
(Font)              using `T1/fvm/bx/n' instead on input line 75.


LaTeX Font Warning: Font shape `T1/fvm/m/In' undefined
(Font)              using `T1/fvm/m/n' instead on input line 75.

(./title.tex [1{c:/texlive/2026/texmf-var/fonts/map/pdftex/updmap/pdftex.map}{c
:/texlive/2026/texmf-dist/fonts/enc/dvips/libertine/lbtn_nh77jq.enc}{c:/texlive
/2026/texmf-dist/fonts/enc/dvips/libertine/lbtn_76gpa5.enc}{c:/texlive/2026/tex
mf-dist/fonts/enc/dvips/libertine/lbtn_ncsllp.enc}{c:/texlive/2026/texmf-dist/f
onts/enc/dvips/libertine/lbtn_7grukw.enc}])
(c:/texlive/2026/texmf-dist/tex/latex/libertine/T1LinuxBiolinumT-TLF.fd)
[2{c:/texlive/2026/texmf-dist/fonts/enc/dvips/libertine/lbtn_25tcsq.enc}{c:/tex
live/2026/texmf-dist/fonts/enc/dvips/base/8r.enc}] (./thesis.toc
(c:/texlive/2026/texmf-dist/tex/latex/microtype/mt-cmr.cfg)
(c:/texlive/2026/texmf-dist/tex/latex/amsfonts/umsa.fd)
(c:/texlive/2026/texmf-dist/tex/latex/microtype/mt-msa.cfg)
(c:/texlive/2026/texmf-dist/tex/latex/amsfonts/umsb.fd)
(c:/texlive/2026/texmf-dist/tex/latex/microtype/mt-msb.cfg) [3]) [4]
(./thesis.lof) [5] (./thesis.lot) [6] (../chapter_1_proposal.tex
chapter 1.
[1] [2]) (../chapter_2_proposal.tex [3]
chapter 2.
[4] [5] [6] [7]) (../chapter_3_methodology.tex [8]
chapter 3.
[9
pdfTeX warning (ext4): destination with the same identifier (name{table.3.1}) h
as been already used, duplicate ignored
<argument> ...shipout:D \box_use:N \l_shipout_box 
                                                  \__shipout_drop_firstpage_...
l.61 
     ] [10] [11] [12] [13]) (../chapter_4_results.tex [14]
chapter 4.
[15] [16
pdfTeX warning (ext4): destination with the same identifier (name{figure.4.1}) 
has been already used, duplicate ignored
<argument> ...shipout:D \box_use:N \l_shipout_box 
                                                  \__shipout_drop_firstpage_...
l.130 
      
pdfTeX warning (ext4): destination with the same identifier (name{table.4.1}) h
as been already used, duplicate ignored
<argument> ...shipout:D \box_use:N \l_shipout_box 
                                                  \__shipout_drop_firstpage_...
l.130 
       <../figures/runtime_vs_size_O2.pdf>] [17
pdfTeX warning (ext4): destination with the same identifier (name{figure.4.2}) 
has been already used, duplicate ignored
<argument> ...shipout:D \box_use:N \l_shipout_box 
                                                  \__shipout_drop_firstpage_...
l.159 
      
pdfTeX warning (ext4): destination with the same identifier (name{figure.4.3}) 
has been already used, duplicate ignored
<argument> ...shipout:D \box_use:N \l_shipout_box 
                                                  \__shipout_drop_firstpage_...
l.159 
       <../figures/cycles_per_byte_O2.pdf> <../figures/footprint_flash_Os.pdf>]
) (../chapter_5_discussion.tex [18
pdfTeX warning (ext4): destination with the same identifier (name{table.4.2}) h
as been already used, duplicate ignored
<argument> ...shipout:D \box_use:N \l_shipout_box 
                                                  \__shipout_drop_firstpage_...
l.1 \chapter
            {Discussion}]
chapter 5.
[19] [20]) (../chapter_6_conclusion.tex [21]
chapter 6.
) (./thesis.bbl [22]
Underfull \hbox (badness 1558) in paragraph at lines 36--39
\T1/LinuxLibertineT-TLF/m/n/10.95 (+20) nounce-ment, Febru-ary 2023, 2023, []$h
ttps : / / www . nist . gov / news-[]events / news / 2023 / 02 /

Underfull \hbox (badness 4660) in paragraph at lines 53--57
[]\T1/LinuxLibertineT-TLF/m/n/10.95 (+20) C. Do-brau-nig, M. Eichlseder, F. Men
del, and M. Schläf-fer, ``AS-CON ref-er-ence

Underfull \hbox (badness 10000) in paragraph at lines 53--57
\T1/LinuxLibertineT-TLF/m/n/10.95 (+20) soft-ware (ascon-c),'' GitHub, 2023, []
$https : / / github . com / ascon / ascon-[]c$[], com-mit
) [23] (./thesis.aux)

LaTeX Font Warning: Some font shapes were not available, defaults substituted.

 )
(see the transcript file for additional information)<c:/texlive/2026/texmf-dist
/fonts/type1/public/libertine/LinBiolinumTB.pfb><c:/texlive/2026/texmf-dist/fon
ts/type1/public/libertine/LinLibertineT.pfb><c:/texlive/2026/texmf-dist/fonts/t
ype1/public/libertine/LinLibertineTB.pfb><c:/texlive/2026/texmf-dist/fonts/type
1/public/libertine/LinLibertineTI.pfb><c:/texlive/2026/texmf-dist/fonts/type1/p
ublic/amsfonts/cm/cmmi10.pfb><c:/texlive/2026/texmf-dist/fonts/type1/public/ams
fonts/cm/cmmi8.pfb><c:/texlive/2026/texmf-dist/fonts/type1/public/amsfonts/cm/c
mr10.pfb><c:/texlive/2026/texmf-dist/fonts/type1/public/amsfonts/cm/cmr8.pfb><c
:/texlive/2026/texmf-dist/fonts/type1/public/amsfonts/cm/cmsy10.pfb><c:/texlive
/2026/texmf-dist/fonts/type1/public/bera/fvmr8a.pfb>
Output written on thesis.pdf (29 pages, 495078 bytes).
Transcript written on thesis.log.
Latexmk: Getting log file 'thesis.log'
Latexmk: Examining 'thesis.fls'
Latexmk: Examining 'thesis.log'
Latexmk: Found input bbl file 'thesis.bbl'
Latexmk: Log file says output to 'thesis.pdf'
Latexmk: Using bibtex to make bibliography file(s).
  ===Source file 'thesis.bbl' for 'pdflatex'
Latexmk: Found bibliography file(s):
  ./references.bib
Latexmk: All targets (thesis.pdf) are up-to-date

Reverting Windows console CPs to (in,out) = (850,850)
Initial Win CP for (console input, console output, system): (CP850, CP850, CP1252)
I changed them all to CP1252
Rc files read (in order):
  NONE
Latexmk: This is Latexmk, John Collins, 9 March 2026. Version 4.88.
Latexmk: Nothing to do for 'thesis.tex'.
Latexmk: All targets (thesis.pdf) are up-to-date

Reverting Windows console CPs to (in,out) = (850,850)
